2025-12-09 11:27:34,205 - __main__ - INFO - Polling attempt 1/3...
2025-12-09 11:27:34,677 - __main__ - ERROR - IMAP login failed for prnsemail@gmail.com: b'[AUTHENTICATIONFAILED] Invalid credentials (Failure)'
2025-12-09 11:27:34,678 - __main__ - WARNING - Could not connect to Gmail on attempt 1. Retrying...
2025-12-09 11:42:27,135 - gmail_poller.gmail_poller - ERROR - IMAP login failed for prnsemail@gmail.com: b'[AUTHENTICATIONFAILED] Invalid credentials (Failure)'
2025-12-09 11:45:55,583 - __main__ - INFO - Attempting to connect to Gmail for user: prnsemail@gmail.com
2025-12-09 11:45:55,583 - __main__ - INFO - Using GMAIL_APP_PASSWORD (first 3 chars): Nin***
2025-12-09 11:45:56,076 - __main__ - ERROR - IMAP login failed for prnsemail@gmail.com: b'[AUTHENTICATIONFAILED] Invalid credentials (Failure)'
2025-12-09 11:45:56,110 - __main__ - INFO - Logged out from Gmail.
2025-12-09 11:45:56,111 - __main__ - ERROR - Gmail connection test FAILED.
2025-12-09 13:57:43,362 - __main__ - INFO - Polling attempt 1/3...
2025-12-09 13:57:43,369 - googleapiclient.discovery_cache - INFO - file_cache is only supported with oauth2client<4.0.0
2025-12-09 13:57:43,372 - __main__ - INFO - Gmail API service built successfully.
2025-12-09 13:57:43,711 - __main__ - INFO - No matching unread emails found.
2025-12-09 13:58:43,716 - __main__ - INFO - Polling attempt 2/3...
2025-12-09 13:58:43,720 - googleapiclient.discovery_cache - INFO - file_cache is only supported with oauth2client<4.0.0
2025-12-09 13:58:43,724 - __main__ - INFO - Gmail API service built successfully.
2025-12-09 13:58:44,030 - __main__ - INFO - No matching unread emails found.
2025-12-09 13:59:44,037 - __main__ - INFO - Polling attempt 3/3...
2025-12-09 13:59:44,039 - googleapiclient.discovery_cache - INFO - file_cache is only supported with oauth2client<4.0.0
2025-12-09 13:59:44,043 - __main__ - INFO - Gmail API service built successfully.
2025-12-09 13:59:44,378 - __main__ - INFO - No matching unread emails found.
2025-12-09 14:00:44,384 - __main__ - WARNING - No DOW30_ email with .xlsx attachment found after 3 attempts.
2025-12-09 14:09:29,816 - __main__ - INFO - Polling attempt 1/3...
2025-12-09 14:09:29,821 - googleapiclient.discovery_cache - INFO - file_cache is only supported with oauth2client<4.0.0
2025-12-09 14:09:29,823 - __main__ - INFO - Gmail API service built successfully.
2025-12-09 14:09:30,839 - __main__ - INFO - Found matching email with subject: Fwd: Fw: HR1 Report on DOW30 for 2025-12-04
2025-12-09 14:09:30,839 - __main__ - INFO - Found .xlsx attachment: DOW30_2025-12-04.xlsx
2025-12-09 14:09:30,840 - gmail_poller.attachment_utils - INFO - Attachment saved successfully to: /Users/SMcAdoo/PycharmProjects/PriceReversalNewsSummary/files/uploads/DOW30_2025-12-04.xlsx
2025-12-09 14:09:30,840 - __main__ - INFO - Attempting to run pipeline for: /Users/SMcAdoo/PycharmProjects/PriceReversalNewsSummary/files/uploads/DOW30_2025-12-04.xlsx
2025-12-09 14:10:04,602 - gmail_poller.run_pipeline_wrapper - INFO - Pipeline executed successfully for /Users/SMcAdoo/PycharmProjects/PriceReversalNewsSummary/files/uploads/DOW30_2025-12-04.xlsx
2025-12-09 14:10:04,648 - googleapiclient.http - WARNING - Encountered 403 Forbidden with reason "insufficientPermissions"
2025-12-09 14:10:04,649 - __main__ - ERROR - An HttpError occurred during polling attempt 1: <HttpError 403 when requesting https://gmail.googleapis.com/gmail/v1/users/me/messages/19b000de8f62654c/modify?alt=json returned "Request had insufficient authentication scopes.". Details: "[{'message': 'Insufficient Permission', 'domain': 'global', 'reason': 'insufficientPermissions'}]">
2025-12-09 14:10:04,649 - __main__ - INFO - No matching email found or processed on attempt 1. Sleeping for 1 minutes before retrying...
2025-12-09 14:11:04,656 - __main__ - INFO - Polling attempt 2/3...
2025-12-09 14:11:04,660 - googleapiclient.discovery_cache - INFO - file_cache is only supported with oauth2client<4.0.0
2025-12-09 14:11:04,663 - __main__ - INFO - Gmail API service built successfully.
2025-12-09 14:11:05,221 - __main__ - INFO - Found matching email with subject: Fwd: Fw: HR1 Report on DOW30 for 2025-12-04
2025-12-09 14:11:05,221 - __main__ - INFO - Found .xlsx attachment: DOW30_2025-12-04.xlsx
2025-12-09 14:11:05,222 - gmail_poller.attachment_utils - INFO - Attachment saved successfully to: /Users/SMcAdoo/PycharmProjects/PriceReversalNewsSummary/files/uploads/DOW30_2025-12-04.xlsx
2025-12-09 14:11:05,222 - __main__ - INFO - Attempting to run pipeline for: /Users/SMcAdoo/PycharmProjects/PriceReversalNewsSummary/files/uploads/DOW30_2025-12-04.xlsx
2025-12-09 14:11:23,555 - gmail_poller.run_pipeline_wrapper - INFO - Pipeline executed successfully for /Users/SMcAdoo/PycharmProjects/PriceReversalNewsSummary/files/uploads/DOW30_2025-12-04.xlsx
2025-12-09 14:11:23,607 - googleapiclient.http - WARNING - Encountered 403 Forbidden with reason "insufficientPermissions"
2025-12-09 14:11:23,607 - __main__ - ERROR - An HttpError occurred during polling attempt 2: <HttpError 403 when requesting https://gmail.googleapis.com/gmail/v1/users/me/messages/19b000de8f62654c/modify?alt=json returned "Request had insufficient authentication scopes.". Details: "[{'message': 'Insufficient Permission', 'domain': 'global', 'reason': 'insufficientPermissions'}]">
2025-12-09 14:11:23,607 - __main__ - INFO - No matching email found or processed on attempt 2. Sleeping for 1 minutes before retrying...
2025-12-09 14:12:23,614 - __main__ - INFO - Polling attempt 3/3...
2025-12-09 14:12:23,617 - googleapiclient.discovery_cache - INFO - file_cache is only supported with oauth2client<4.0.0
2025-12-09 14:12:23,619 - __main__ - INFO - Gmail API service built successfully.
2025-12-09 14:12:24,148 - __main__ - INFO - Found matching email with subject: Fwd: Fw: HR1 Report on DOW30 for 2025-12-04
2025-12-09 14:12:24,148 - __main__ - INFO - Found .xlsx attachment: DOW30_2025-12-04.xlsx
2025-12-09 14:12:24,150 - gmail_poller.attachment_utils - INFO - Attachment saved successfully to: /Users/SMcAdoo/PycharmProjects/PriceReversalNewsSummary/files/uploads/DOW30_2025-12-04.xlsx
2025-12-09 14:12:24,150 - __main__ - INFO - Attempting to run pipeline for: /Users/SMcAdoo/PycharmProjects/PriceReversalNewsSummary/files/uploads/DOW30_2025-12-04.xlsx
2025-12-09 14:12:42,246 - gmail_poller.run_pipeline_wrapper - INFO - Pipeline executed successfully for /Users/SMcAdoo/PycharmProjects/PriceReversalNewsSummary/files/uploads/DOW30_2025-12-04.xlsx
2025-12-09 14:12:42,296 - googleapiclient.http - WARNING - Encountered 403 Forbidden with reason "insufficientPermissions"
2025-12-09 14:12:42,297 - __main__ - ERROR - An HttpError occurred during polling attempt 3: <HttpError 403 when requesting https://gmail.googleapis.com/gmail/v1/users/me/messages/19b000de8f62654c/modify?alt=json returned "Request had insufficient authentication scopes.". Details: "[{'message': 'Insufficient Permission', 'domain': 'global', 'reason': 'insufficientPermissions'}]">
2025-12-09 14:12:42,297 - __main__ - WARNING - No DOW30_ email with .xlsx attachment found after 3 attempts.
2025-12-09 14:13:50,757 - __main__ - INFO - Polling attempt 1/3...
2025-12-09 14:13:50,758 - __main__ - INFO - No valid credentials found. Starting authorization flow...
2025-12-09 14:14:14,124 - google_auth_oauthlib.flow - INFO - "GET /?state=fvWKFRjSdNObSYHV1FMV667tePvGsH&code=4/0ATX87lOTZRxfnyzdyKkB1OwzVFHmIXZzLSCq99_vONhFhNKlwfppWliKo-Nw_6PZGdgaVQ&scope=https://www.googleapis.com/auth/gmail.modify HTTP/1.1" 200 65
2025-12-09 14:14:14,584 - __main__ - INFO - Credentials saved to token.json
2025-12-09 14:14:14,589 - googleapiclient.discovery_cache - INFO - file_cache is only supported with oauth2client<4.0.0
2025-12-09 14:14:14,592 - __main__ - INFO - Gmail API service built successfully.
2025-12-09 14:14:15,167 - __main__ - INFO - Found matching email with subject: Fwd: Fw: HR1 Report on DOW30 for 2025-12-04
2025-12-09 14:14:15,167 - __main__ - INFO - Found .xlsx attachment: DOW30_2025-12-04.xlsx
2025-12-09 14:14:15,169 - gmail_poller.attachment_utils - INFO - Attachment saved successfully to: /Users/SMcAdoo/PycharmProjects/PriceReversalNewsSummary/files/uploads/DOW30_2025-12-04.xlsx
2025-12-09 14:14:15,169 - __main__ - INFO - Attempting to run pipeline for: /Users/SMcAdoo/PycharmProjects/PriceReversalNewsSummary/files/uploads/DOW30_2025-12-04.xlsx
2025-12-09 14:14:36,471 - gmail_poller.run_pipeline_wrapper - INFO - Pipeline executed successfully for /Users/SMcAdoo/PycharmProjects/PriceReversalNewsSummary/files/uploads/DOW30_2025-12-04.xlsx
2025-12-09 14:14:36,874 - __main__ - INFO - Email 19b000de8f62654c marked as read.
2025-12-09 14:14:36,875 - __main__ - INFO - Successfully found, downloaded, and processed at least one DOW30_ email.
2025-12-09 14:20:22,415 - __main__ - INFO - Polling attempt 1/3...
2025-12-09 14:20:22,420 - googleapiclient.discovery_cache - INFO - file_cache is only supported with oauth2client<4.0.0
2025-12-09 14:20:22,422 - __main__ - INFO - Gmail API service built successfully.
2025-12-09 14:20:22,775 - __main__ - INFO - No matching unread emails found.
2025-12-09 14:21:22,780 - __main__ - INFO - Polling attempt 2/3...
2025-12-09 14:21:22,782 - googleapiclient.discovery_cache - INFO - file_cache is only supported with oauth2client<4.0.0
2025-12-09 14:21:22,785 - __main__ - INFO - Gmail API service built successfully.
2025-12-09 14:21:23,021 - __main__ - INFO - No matching unread emails found.
2025-12-09 14:22:23,025 - __main__ - INFO - Polling attempt 3/3...
2025-12-09 14:22:23,027 - googleapiclient.discovery_cache - INFO - file_cache is only supported with oauth2client<4.0.0
2025-12-09 14:22:23,031 - __main__ - INFO - Gmail API service built successfully.
2025-12-09 14:22:23,755 - __main__ - INFO - Found matching email with subject: Fw: HR1 Report on DOW30 for 2025-12-08
2025-12-09 14:22:23,755 - __main__ - INFO - Found .xlsx attachment: DOW30_2025-12-08.xlsx
2025-12-09 14:22:23,756 - gmail_poller.attachment_utils - INFO - Attachment saved successfully to: /Users/SMcAdoo/PycharmProjects/PriceReversalNewsSummary/files/uploads/DOW30_2025-12-08.xlsx
2025-12-09 14:22:23,756 - __main__ - INFO - Marking email 19b048fa736c6f1f as read.
2025-12-09 14:22:24,124 - __main__ - INFO - Attempting to run pipeline for: /Users/SMcAdoo/PycharmProjects/PriceReversalNewsSummary/files/uploads/DOW30_2025-12-08.xlsx
2025-12-09 14:22:39,638 - gmail_poller.run_pipeline_wrapper - INFO - Pipeline executed successfully for /Users/SMcAdoo/PycharmProjects/PriceReversalNewsSummary/files/uploads/DOW30_2025-12-08.xlsx
2025-12-09 14:22:39,639 - __main__ - INFO - Successfully found, downloaded, and processed one email.
2025-12-09 15:48:43,990 - __main__ - INFO - Polling attempt 1/3...
2025-12-09 15:48:43,993 - __main__ - INFO - Credentials expired. Refreshing...
2025-12-09 15:48:44,213 - __main__ - INFO - Credentials saved to token.json
2025-12-09 15:48:44,215 - googleapiclient.discovery_cache - INFO - file_cache is only supported with oauth2client<4.0.0
2025-12-09 15:48:44,218 - __main__ - INFO - Gmail API service built successfully.
2025-12-09 15:48:45,806 - __main__ - INFO - Found matching email with subject: Fw: HR1 Report on DOW30 for 2025-12-08
2025-12-09 15:48:45,806 - __main__ - INFO - Found .xlsx attachment: DOW30_2025-12-08.xlsx
2025-12-09 15:48:45,810 - gmail_poller.attachment_utils - INFO - Attachment saved successfully to: /Users/SMcAdoo/PycharmProjects/PriceReversalNewsSummary/files/uploads/DOW30_2025-12-08.xlsx
2025-12-09 15:48:45,812 - __main__ - INFO - Marking email 19b049a9e964fc15 as read.
2025-12-09 15:48:46,119 - __main__ - INFO - Attempting to run pipeline for: /Users/SMcAdoo/PycharmProjects/PriceReversalNewsSummary/files/uploads/DOW30_2025-12-08.xlsx
2025-12-09 15:49:00,907 - gmail_poller.run_pipeline_wrapper - INFO - Pipeline executed successfully for /Users/SMcAdoo/PycharmProjects/PriceReversalNewsSummary/files/uploads/DOW30_2025-12-08.xlsx
2025-12-09 15:49:00,908 - __main__ - INFO - Successfully found, downloaded, and processed one email.
2025-12-09 15:56:45,625 - __main__ - INFO - Polling attempt 1/3...
2025-12-09 15:56:45,631 - googleapiclient.discovery_cache - INFO - file_cache is only supported with oauth2client<4.0.0
2025-12-09 15:56:45,633 - __main__ - INFO - Gmail API service built successfully.
2025-12-09 15:56:46,249 - __main__ - INFO - Found matching email with subject: Fw: HR1 Report on DOW30 for 2025-12-08
2025-12-09 15:56:46,249 - __main__ - INFO - Found .xlsx attachment: DOW30_2025-12-08.xlsx
2025-12-09 15:56:46,252 - gmail_poller.attachment_utils - INFO - Attachment saved successfully to: /Users/SMcAdoo/PycharmProjects/PriceReversalNewsSummary/files/uploads/DOW30_2025-12-08.xlsx
2025-12-09 15:56:46,253 - __main__ - INFO - Marking email 19b04e4f30a2d920 as read.
2025-12-09 15:56:46,565 - __main__ - INFO - Attempting to run pipeline for: /Users/SMcAdoo/PycharmProjects/PriceReversalNewsSummary/files/uploads/DOW30_2025-12-08.xlsx
2025-12-09 15:57:01,483 - gmail_poller.run_pipeline_wrapper - INFO - Pipeline executed successfully for /Users/SMcAdoo/PycharmProjects/PriceReversalNewsSummary/files/uploads/DOW30_2025-12-08.xlsx
2025-12-09 15:57:01,483 - __main__ - INFO - Successfully found, downloaded, and processed one email.
2025-12-09 17:53:41,347 - __main__ - INFO - Polling attempt 1/3...
2025-12-09 17:53:41,350 - __main__ - INFO - Credentials expired. Refreshing...
2025-12-09 17:53:41,594 - __main__ - INFO - Credentials saved to token.json
2025-12-09 17:53:41,597 - googleapiclient.discovery_cache - INFO - file_cache is only supported with oauth2client<4.0.0
2025-12-09 17:53:41,599 - __main__ - INFO - Gmail API service built successfully.
2025-12-09 17:53:42,145 - __main__ - INFO - Found matching email with subject: Fw: HR1 Report on DOW30 for 2025-12-09
2025-12-09 17:53:42,145 - __main__ - INFO - Found .xlsx attachment: DOW30_2025-12-09.xlsx
2025-12-09 17:53:42,146 - gmail_poller.attachment_utils - INFO - Attachment saved successfully to: /Users/SMcAdoo/PycharmProjects/PriceReversalNewsSummary/files/uploads/DOW30_2025-12-09.xlsx
2025-12-09 17:53:42,146 - __main__ - INFO - Marking email 19b0550885b76157 as read.
2025-12-09 17:53:42,441 - __main__ - INFO - Attempting to run pipeline for: /Users/SMcAdoo/PycharmProjects/PriceReversalNewsSummary/files/uploads/DOW30_2025-12-09.xlsx
2025-12-09 17:56:40,726 - gmail_poller.run_pipeline_wrapper - INFO - Pipeline executed successfully for /Users/SMcAdoo/PycharmProjects/PriceReversalNewsSummary/files/uploads/DOW30_2025-12-09.xlsx
2025-12-09 17:56:40,727 - __main__ - INFO - Successfully found, downloaded, and processed one email.
2025-12-10 16:24:03,734 - __main__ - INFO - Polling attempt 1/3...
2025-12-10 16:24:03,737 - __main__ - INFO - Credentials expired. Refreshing...
2025-12-10 16:24:03,999 - __main__ - INFO - Credentials saved to token.json
2025-12-10 16:24:04,001 - googleapiclient.discovery_cache - INFO - file_cache is only supported with oauth2client<4.0.0
2025-12-10 16:24:04,004 - __main__ - INFO - Gmail API service built successfully.
2025-12-10 16:24:04,466 - __main__ - INFO - Found matching email with subject: Fw: HR1 Report on DOW30 for 2025-12-10
2025-12-10 16:24:04,466 - __main__ - INFO - Found .xlsx attachment: DOW30_2025-12-10.xlsx
2025-12-10 16:24:04,467 - gmail_poller.attachment_utils - INFO - Attachment saved successfully to: /Users/SMcAdoo/PycharmProjects/PriceReversalNewsSummary/files/uploads/DOW30_2025-12-10.xlsx
2025-12-10 16:24:04,467 - __main__ - INFO - Marking email 19b0a1f3d065bba2 as read.
2025-12-10 16:24:04,676 - __main__ - INFO - Attempting to run pipeline for: /Users/SMcAdoo/PycharmProjects/PriceReversalNewsSummary/files/uploads/DOW30_2025-12-10.xlsx
2025-12-10 16:27:29,434 - gmail_poller.run_pipeline_wrapper - INFO - Pipeline executed successfully for /Users/SMcAdoo/PycharmProjects/PriceReversalNewsSummary/files/uploads/DOW30_2025-12-10.xlsx
2025-12-10 16:27:29,436 - __main__ - INFO - Successfully found, downloaded, and processed one email.
